{"level":30,"time":1681041803531,"pid":11620,"hostname":"Hypnotist","msg":"Validating config file and environment variables"}
{"level":30,"time":1681041803840,"pid":11620,"hostname":"Hypnotist","msg":"Loading commands..."}
{"level":50,"time":1681041804297,"pid":11620,"hostname":"Hypnotist","msg":"Failed to load C:\\Users\\picad\\OneDrive\\Belgeler\\GitHub Repos\\ThunarDiscordBot\\src\\commands\\admin\\sleep.js Reason: Unexpected token ')'"}
{"level":20,"time":1681041807276,"pid":11620,"hostname":"Hypnotist","msg":"Skipping slash command avatar. Disabled!"}
{"level":20,"time":1681041807286,"pid":11620,"hostname":"Hypnotist","msg":"Skipping slash command botinvite. Disabled!"}
{"level":20,"time":1681041807297,"pid":11620,"hostname":"Hypnotist","msg":"Skipping slash command botstats. Disabled!"}
{"level":20,"time":1681041807312,"pid":11620,"hostname":"Hypnotist","msg":"Skipping slash command channelinfo. Disabled!"}
{"level":20,"time":1681041807321,"pid":11620,"hostname":"Hypnotist","msg":"Skipping slash command emojiinfo. Disabled!"}
{"level":20,"time":1681041807358,"pid":11620,"hostname":"Hypnotist","msg":"Skipping slash command guildinfo. Disabled!"}
{"level":20,"time":1681041807363,"pid":11620,"hostname":"Hypnotist","msg":"Skipping slash command uptime. Disabled!"}
{"level":20,"time":1681041807373,"pid":11620,"hostname":"Hypnotist","msg":"Skipping slash command userinfo. Disabled!"}
{"level":20,"time":1681041807383,"pid":11620,"hostname":"Hypnotist","msg":"Skipping command bot. Disabled!"}
{"level":20,"time":1681041807389,"pid":11620,"hostname":"Hypnotist","msg":"Skipping command info. Disabled!"}
{"level":20,"time":1681041807480,"pid":11620,"hostname":"Hypnotist","msg":"Skipping slash command deafen. Disabled!"}
{"level":20,"time":1681041807490,"pid":11620,"hostname":"Hypnotist","msg":"Skipping slash command disconnect. Disabled!"}
{"level":20,"time":1681041807500,"pid":11620,"hostname":"Hypnotist","msg":"Skipping slash command move. Disabled!"}
{"level":20,"time":1681041807505,"pid":11620,"hostname":"Hypnotist","msg":"Skipping slash command purge. Disabled!"}
{"level":20,"time":1681041807509,"pid":11620,"hostname":"Hypnotist","msg":"Skipping slash command purgeattach. Disabled!"}
{"level":20,"time":1681041807515,"pid":11620,"hostname":"Hypnotist","msg":"Skipping slash command purgebots. Disabled!"}
{"level":20,"time":1681041807520,"pid":11620,"hostname":"Hypnotist","msg":"Skipping slash command purgelinks. Disabled!"}
{"level":20,"time":1681041807524,"pid":11620,"hostname":"Hypnotist","msg":"Skipping slash command purgetoken. Disabled!"}
{"level":20,"time":1681041807529,"pid":11620,"hostname":"Hypnotist","msg":"Skipping slash command purgeuser. Disabled!"}
{"level":20,"time":1681041807539,"pid":11620,"hostname":"Hypnotist","msg":"Skipping slash command undeafen. Disabled!"}
{"level":20,"time":1681041807548,"pid":11620,"hostname":"Hypnotist","msg":"Skipping slash command vmute. Disabled!"}
{"level":20,"time":1681041807558,"pid":11620,"hostname":"Hypnotist","msg":"Skipping slash command vunmute. Disabled!"}
{"level":20,"time":1681041807568,"pid":11620,"hostname":"Hypnotist","msg":"Skipping command purge. Disabled!"}
{"level":20,"time":1681041807575,"pid":11620,"hostname":"Hypnotist","msg":"Skipping command voice. Disabled!"}
{"level":20,"time":1681041807609,"pid":11620,"hostname":"Hypnotist","msg":"Skipping Command bassboost. Category MUSIC is disabled"}
{"level":20,"time":1681041807619,"pid":11620,"hostname":"Hypnotist","msg":"Skipping Command loop. Category MUSIC is disabled"}
{"level":20,"time":1681041807624,"pid":11620,"hostname":"Hypnotist","msg":"Skipping Command lyric. Category MUSIC is disabled"}
{"level":20,"time":1681041807639,"pid":11620,"hostname":"Hypnotist","msg":"Skipping Command np. Category MUSIC is disabled"}
{"level":20,"time":1681041807645,"pid":11620,"hostname":"Hypnotist","msg":"Skipping Command pause. Category MUSIC is disabled"}
{"level":20,"time":1681041807653,"pid":11620,"hostname":"Hypnotist","msg":"Skipping Command play. Category MUSIC is disabled"}
{"level":20,"time":1681041807660,"pid":11620,"hostname":"Hypnotist","msg":"Skipping Command queue. Category MUSIC is disabled"}
{"level":20,"time":1681041807664,"pid":11620,"hostname":"Hypnotist","msg":"Skipping Command resume. Category MUSIC is disabled"}
{"level":20,"time":1681041807672,"pid":11620,"hostname":"Hypnotist","msg":"Skipping Command search. Category MUSIC is disabled"}
{"level":20,"time":1681041807678,"pid":11620,"hostname":"Hypnotist","msg":"Skipping Command seek. Category MUSIC is disabled"}
{"level":20,"time":1681041807684,"pid":11620,"hostname":"Hypnotist","msg":"Skipping Command shuffle. Category MUSIC is disabled"}
{"level":20,"time":1681041807689,"pid":11620,"hostname":"Hypnotist","msg":"Skipping Command skip. Category MUSIC is disabled"}
{"level":20,"time":1681041807693,"pid":11620,"hostname":"Hypnotist","msg":"Skipping Command stop. Category MUSIC is disabled"}
{"level":20,"time":1681041807698,"pid":11620,"hostname":"Hypnotist","msg":"Skipping Command volume. Category MUSIC is disabled"}
{"level":20,"time":1681041807753,"pid":11620,"hostname":"Hypnotist","msg":"Skipping slash command eval. Disabled!"}
{"level":20,"time":1681041807757,"pid":11620,"hostname":"Hypnotist","msg":"Skipping slash command leaveserver. Disabled!"}
{"level":20,"time":1681041807765,"pid":11620,"hostname":"Hypnotist","msg":"Skipping slash command listservers. Disabled!"}
{"level":30,"time":1681041807969,"pid":11620,"hostname":"Hypnotist","msg":"Loaded 103 commands"}
{"level":30,"time":1681041807969,"pid":11620,"hostname":"Hypnotist","msg":"Loaded 84 slash commands"}
{"level":30,"time":1681041807970,"pid":11620,"hostname":"Hypnotist","msg":"Loading contexts..."}
{"level":30,"time":1681041807975,"pid":11620,"hostname":"Hypnotist","msg":"Loaded 0 USER contexts"}
{"level":30,"time":1681041807975,"pid":11620,"hostname":"Hypnotist","msg":"Loaded 0 MESSAGE contexts"}
{"level":30,"time":1681041807975,"pid":11620,"hostname":"Hypnotist","msg":"Loading events..."}
{"level":30,"time":1681041808154,"pid":11620,"hostname":"Hypnotist","msg":"Loaded 15 events. Success (15) Failed (0)"}
{"level":30,"time":1681041808685,"pid":11620,"hostname":"Hypnotist","msg":"VersionCheck: Your discord bot is up to date"}
{"level":30,"time":1681041808685,"pid":11620,"hostname":"Hypnotist","msg":"Connecting to MongoDb..."}
{"level":30,"time":1681041810287,"pid":11620,"hostname":"Hypnotist","msg":"Mongoose: Database connection established"}
{"level":30,"time":1681041811918,"pid":11620,"hostname":"Hypnotist","msg":"Logged in as Thunar Beta#9964! (988089532970827787)"}
{"level":30,"time":1681041811918,"pid":11620,"hostname":"Hypnotist","msg":"Initializing giveaways manager..."}
{"level":30,"time":1681041813328,"pid":11620,"hostname":"Hypnotist","msg":"Giveaway Manager initialized"}
{"level":30,"time":1681041813497,"pid":11620,"hostname":"Hypnotist","msg":"Successfully registered interactions"}
{"level":30,"time":1681041861444,"pid":21660,"hostname":"Hypnotist","msg":"Validating config file and environment variables"}
{"level":30,"time":1681041861494,"pid":21660,"hostname":"Hypnotist","msg":"Loading commands..."}
{"level":20,"time":1681041862082,"pid":21660,"hostname":"Hypnotist","msg":"Skipping slash command avatar. Disabled!"}
{"level":20,"time":1681041862083,"pid":21660,"hostname":"Hypnotist","msg":"Skipping slash command botinvite. Disabled!"}
{"level":20,"time":1681041862084,"pid":21660,"hostname":"Hypnotist","msg":"Skipping slash command botstats. Disabled!"}
{"level":20,"time":1681041862087,"pid":21660,"hostname":"Hypnotist","msg":"Skipping slash command channelinfo. Disabled!"}
{"level":20,"time":1681041862088,"pid":21660,"hostname":"Hypnotist","msg":"Skipping slash command emojiinfo. Disabled!"}
{"level":20,"time":1681041862095,"pid":21660,"hostname":"Hypnotist","msg":"Skipping slash command guildinfo. Disabled!"}
{"level":20,"time":1681041862096,"pid":21660,"hostname":"Hypnotist","msg":"Skipping slash command uptime. Disabled!"}
{"level":20,"time":1681041862097,"pid":21660,"hostname":"Hypnotist","msg":"Skipping slash command userinfo. Disabled!"}
{"level":20,"time":1681041862099,"pid":21660,"hostname":"Hypnotist","msg":"Skipping command bot. Disabled!"}
{"level":20,"time":1681041862099,"pid":21660,"hostname":"Hypnotist","msg":"Skipping command info. Disabled!"}
{"level":20,"time":1681041862118,"pid":21660,"hostname":"Hypnotist","msg":"Skipping slash command deafen. Disabled!"}
{"level":20,"time":1681041862119,"pid":21660,"hostname":"Hypnotist","msg":"Skipping slash command disconnect. Disabled!"}
{"level":20,"time":1681041862120,"pid":21660,"hostname":"Hypnotist","msg":"Skipping slash command move. Disabled!"}
{"level":20,"time":1681041862121,"pid":21660,"hostname":"Hypnotist","msg":"Skipping slash command purge. Disabled!"}
{"level":20,"time":1681041862121,"pid":21660,"hostname":"Hypnotist","msg":"Skipping slash command purgeattach. Disabled!"}
{"level":20,"time":1681041862122,"pid":21660,"hostname":"Hypnotist","msg":"Skipping slash command purgebots. Disabled!"}
{"level":20,"time":1681041862122,"pid":21660,"hostname":"Hypnotist","msg":"Skipping slash command purgelinks. Disabled!"}
{"level":20,"time":1681041862123,"pid":21660,"hostname":"Hypnotist","msg":"Skipping slash command purgetoken. Disabled!"}
{"level":20,"time":1681041862123,"pid":21660,"hostname":"Hypnotist","msg":"Skipping slash command purgeuser. Disabled!"}
{"level":20,"time":1681041862125,"pid":21660,"hostname":"Hypnotist","msg":"Skipping slash command undeafen. Disabled!"}
{"level":20,"time":1681041862126,"pid":21660,"hostname":"Hypnotist","msg":"Skipping slash command vmute. Disabled!"}
{"level":20,"time":1681041862127,"pid":21660,"hostname":"Hypnotist","msg":"Skipping slash command vunmute. Disabled!"}
{"level":20,"time":1681041862131,"pid":21660,"hostname":"Hypnotist","msg":"Skipping command purge. Disabled!"}
{"level":20,"time":1681041862133,"pid":21660,"hostname":"Hypnotist","msg":"Skipping command voice. Disabled!"}
{"level":20,"time":1681041862138,"pid":21660,"hostname":"Hypnotist","msg":"Skipping Command bassboost. Category MUSIC is disabled"}
{"level":20,"time":1681041862139,"pid":21660,"hostname":"Hypnotist","msg":"Skipping Command loop. Category MUSIC is disabled"}
{"level":20,"time":1681041862140,"pid":21660,"hostname":"Hypnotist","msg":"Skipping Command lyric. Category MUSIC is disabled"}
{"level":20,"time":1681041862142,"pid":21660,"hostname":"Hypnotist","msg":"Skipping Command np. Category MUSIC is disabled"}
{"level":20,"time":1681041862143,"pid":21660,"hostname":"Hypnotist","msg":"Skipping Command pause. Category MUSIC is disabled"}
{"level":20,"time":1681041862144,"pid":21660,"hostname":"Hypnotist","msg":"Skipping Command play. Category MUSIC is disabled"}
{"level":20,"time":1681041862144,"pid":21660,"hostname":"Hypnotist","msg":"Skipping Command queue. Category MUSIC is disabled"}
{"level":20,"time":1681041862145,"pid":21660,"hostname":"Hypnotist","msg":"Skipping Command resume. Category MUSIC is disabled"}
{"level":20,"time":1681041862145,"pid":21660,"hostname":"Hypnotist","msg":"Skipping Command search. Category MUSIC is disabled"}
{"level":20,"time":1681041862146,"pid":21660,"hostname":"Hypnotist","msg":"Skipping Command seek. Category MUSIC is disabled"}
{"level":20,"time":1681041862147,"pid":21660,"hostname":"Hypnotist","msg":"Skipping Command shuffle. Category MUSIC is disabled"}
{"level":20,"time":1681041862148,"pid":21660,"hostname":"Hypnotist","msg":"Skipping Command skip. Category MUSIC is disabled"}
{"level":20,"time":1681041862149,"pid":21660,"hostname":"Hypnotist","msg":"Skipping Command stop. Category MUSIC is disabled"}
{"level":20,"time":1681041862150,"pid":21660,"hostname":"Hypnotist","msg":"Skipping Command volume. Category MUSIC is disabled"}
{"level":20,"time":1681041862157,"pid":21660,"hostname":"Hypnotist","msg":"Skipping slash command eval. Disabled!"}
{"level":20,"time":1681041862157,"pid":21660,"hostname":"Hypnotist","msg":"Skipping slash command leaveserver. Disabled!"}
{"level":20,"time":1681041862158,"pid":21660,"hostname":"Hypnotist","msg":"Skipping slash command listservers. Disabled!"}
{"level":30,"time":1681041862188,"pid":21660,"hostname":"Hypnotist","msg":"Loaded 104 commands"}
{"level":30,"time":1681041862188,"pid":21660,"hostname":"Hypnotist","msg":"Loaded 85 slash commands"}
{"level":30,"time":1681041862188,"pid":21660,"hostname":"Hypnotist","msg":"Loading contexts..."}
{"level":30,"time":1681041862189,"pid":21660,"hostname":"Hypnotist","msg":"Loaded 0 USER contexts"}
{"level":30,"time":1681041862189,"pid":21660,"hostname":"Hypnotist","msg":"Loaded 0 MESSAGE contexts"}
{"level":30,"time":1681041862189,"pid":21660,"hostname":"Hypnotist","msg":"Loading events..."}
{"level":30,"time":1681041862227,"pid":21660,"hostname":"Hypnotist","msg":"Loaded 15 events. Success (15) Failed (0)"}
{"level":30,"time":1681041868246,"pid":21660,"hostname":"Hypnotist","msg":"VersionCheck: Your discord bot is up to date"}
{"level":30,"time":1681041868246,"pid":21660,"hostname":"Hypnotist","msg":"Connecting to MongoDb..."}
{"level":30,"time":1681041869740,"pid":21660,"hostname":"Hypnotist","msg":"Mongoose: Database connection established"}
{"level":30,"time":1681041871251,"pid":21660,"hostname":"Hypnotist","msg":"Logged in as Thunar Beta#9964! (988089532970827787)"}
{"level":30,"time":1681041871251,"pid":21660,"hostname":"Hypnotist","msg":"Initializing giveaways manager..."}
{"level":30,"time":1681041871884,"pid":21660,"hostname":"Hypnotist","msg":"Giveaway Manager initialized"}
{"level":30,"time":1681041872077,"pid":21660,"hostname":"Hypnotist","msg":"Successfully registered interactions"}
{"level":30,"time":1681042229347,"pid":20412,"hostname":"Hypnotist","msg":"Validating config file and environment variables"}
{"level":30,"time":1681042229431,"pid":20412,"hostname":"Hypnotist","msg":"Loading commands..."}
{"level":20,"time":1681042230206,"pid":20412,"hostname":"Hypnotist","msg":"Skipping slash command avatar. Disabled!"}
{"level":20,"time":1681042230207,"pid":20412,"hostname":"Hypnotist","msg":"Skipping slash command botinvite. Disabled!"}
{"level":20,"time":1681042230209,"pid":20412,"hostname":"Hypnotist","msg":"Skipping slash command botstats. Disabled!"}
{"level":20,"time":1681042230211,"pid":20412,"hostname":"Hypnotist","msg":"Skipping slash command channelinfo. Disabled!"}
{"level":20,"time":1681042230213,"pid":20412,"hostname":"Hypnotist","msg":"Skipping slash command emojiinfo. Disabled!"}
{"level":20,"time":1681042230221,"pid":20412,"hostname":"Hypnotist","msg":"Skipping slash command guildinfo. Disabled!"}
{"level":20,"time":1681042230222,"pid":20412,"hostname":"Hypnotist","msg":"Skipping slash command uptime. Disabled!"}
{"level":20,"time":1681042230223,"pid":20412,"hostname":"Hypnotist","msg":"Skipping slash command userinfo. Disabled!"}
{"level":20,"time":1681042230225,"pid":20412,"hostname":"Hypnotist","msg":"Skipping command bot. Disabled!"}
{"level":20,"time":1681042230226,"pid":20412,"hostname":"Hypnotist","msg":"Skipping command info. Disabled!"}
{"level":20,"time":1681042230245,"pid":20412,"hostname":"Hypnotist","msg":"Skipping slash command deafen. Disabled!"}
{"level":20,"time":1681042230246,"pid":20412,"hostname":"Hypnotist","msg":"Skipping slash command disconnect. Disabled!"}
{"level":20,"time":1681042230248,"pid":20412,"hostname":"Hypnotist","msg":"Skipping slash command move. Disabled!"}
{"level":20,"time":1681042230248,"pid":20412,"hostname":"Hypnotist","msg":"Skipping slash command purge. Disabled!"}
{"level":20,"time":1681042230249,"pid":20412,"hostname":"Hypnotist","msg":"Skipping slash command purgeattach. Disabled!"}
{"level":20,"time":1681042230250,"pid":20412,"hostname":"Hypnotist","msg":"Skipping slash command purgebots. Disabled!"}
{"level":20,"time":1681042230250,"pid":20412,"hostname":"Hypnotist","msg":"Skipping slash command purgelinks. Disabled!"}
{"level":20,"time":1681042230251,"pid":20412,"hostname":"Hypnotist","msg":"Skipping slash command purgetoken. Disabled!"}
{"level":20,"time":1681042230251,"pid":20412,"hostname":"Hypnotist","msg":"Skipping slash command purgeuser. Disabled!"}
{"level":20,"time":1681042230253,"pid":20412,"hostname":"Hypnotist","msg":"Skipping slash command undeafen. Disabled!"}
{"level":20,"time":1681042230254,"pid":20412,"hostname":"Hypnotist","msg":"Skipping slash command vmute. Disabled!"}
{"level":20,"time":1681042230255,"pid":20412,"hostname":"Hypnotist","msg":"Skipping slash command vunmute. Disabled!"}
{"level":20,"time":1681042230260,"pid":20412,"hostname":"Hypnotist","msg":"Skipping command purge. Disabled!"}
{"level":20,"time":1681042230263,"pid":20412,"hostname":"Hypnotist","msg":"Skipping command voice. Disabled!"}
{"level":20,"time":1681042230271,"pid":20412,"hostname":"Hypnotist","msg":"Skipping Command bassboost. Category MUSIC is disabled"}
{"level":20,"time":1681042230274,"pid":20412,"hostname":"Hypnotist","msg":"Skipping Command loop. Category MUSIC is disabled"}
{"level":20,"time":1681042230275,"pid":20412,"hostname":"Hypnotist","msg":"Skipping Command lyric. Category MUSIC is disabled"}
{"level":20,"time":1681042230279,"pid":20412,"hostname":"Hypnotist","msg":"Skipping Command np. Category MUSIC is disabled"}
{"level":20,"time":1681042230280,"pid":20412,"hostname":"Hypnotist","msg":"Skipping Command pause. Category MUSIC is disabled"}
{"level":20,"time":1681042230281,"pid":20412,"hostname":"Hypnotist","msg":"Skipping Command play. Category MUSIC is disabled"}
{"level":20,"time":1681042230282,"pid":20412,"hostname":"Hypnotist","msg":"Skipping Command queue. Category MUSIC is disabled"}
{"level":20,"time":1681042230283,"pid":20412,"hostname":"Hypnotist","msg":"Skipping Command resume. Category MUSIC is disabled"}
{"level":20,"time":1681042230284,"pid":20412,"hostname":"Hypnotist","msg":"Skipping Command search. Category MUSIC is disabled"}
{"level":20,"time":1681042230285,"pid":20412,"hostname":"Hypnotist","msg":"Skipping Command seek. Category MUSIC is disabled"}
{"level":20,"time":1681042230286,"pid":20412,"hostname":"Hypnotist","msg":"Skipping Command shuffle. Category MUSIC is disabled"}
{"level":20,"time":1681042230287,"pid":20412,"hostname":"Hypnotist","msg":"Skipping Command skip. Category MUSIC is disabled"}
{"level":20,"time":1681042230288,"pid":20412,"hostname":"Hypnotist","msg":"Skipping Command stop. Category MUSIC is disabled"}
{"level":20,"time":1681042230289,"pid":20412,"hostname":"Hypnotist","msg":"Skipping Command volume. Category MUSIC is disabled"}
{"level":20,"time":1681042230298,"pid":20412,"hostname":"Hypnotist","msg":"Skipping slash command eval. Disabled!"}
{"level":20,"time":1681042230299,"pid":20412,"hostname":"Hypnotist","msg":"Skipping slash command leaveserver. Disabled!"}
{"level":20,"time":1681042230300,"pid":20412,"hostname":"Hypnotist","msg":"Skipping slash command listservers. Disabled!"}
{"level":30,"time":1681042230333,"pid":20412,"hostname":"Hypnotist","msg":"Loaded 104 commands"}
{"level":30,"time":1681042230333,"pid":20412,"hostname":"Hypnotist","msg":"Loaded 85 slash commands"}
{"level":30,"time":1681042230333,"pid":20412,"hostname":"Hypnotist","msg":"Loading contexts..."}
{"level":30,"time":1681042230334,"pid":20412,"hostname":"Hypnotist","msg":"Loaded 0 USER contexts"}
{"level":30,"time":1681042230334,"pid":20412,"hostname":"Hypnotist","msg":"Loaded 0 MESSAGE contexts"}
{"level":30,"time":1681042230334,"pid":20412,"hostname":"Hypnotist","msg":"Loading events..."}
{"level":30,"time":1681042230385,"pid":20412,"hostname":"Hypnotist","msg":"Loaded 15 events. Success (15) Failed (0)"}
{"level":30,"time":1681042232308,"pid":20412,"hostname":"Hypnotist","msg":"VersionCheck: Your discord bot is up to date"}
{"level":30,"time":1681042232308,"pid":20412,"hostname":"Hypnotist","msg":"Connecting to MongoDb..."}
{"level":30,"time":1681042234855,"pid":20412,"hostname":"Hypnotist","msg":"Mongoose: Database connection established"}
{"level":30,"time":1681042236410,"pid":20412,"hostname":"Hypnotist","msg":"Logged in as Thunar Beta#9964! (988089532970827787)"}
{"level":30,"time":1681042236410,"pid":20412,"hostname":"Hypnotist","msg":"Initializing giveaways manager..."}
{"level":30,"time":1681042236928,"pid":20412,"hostname":"Hypnotist","msg":"Giveaway Manager initialized"}
{"level":30,"time":1681042237235,"pid":20412,"hostname":"Hypnotist","msg":"Successfully registered interactions"}
{"level":50,"time":1681042248163,"pid":20412,"hostname":"Hypnotist","err":{"type":"DiscordjsError","message":"The reply to this interaction has not been sent or deferred.","stack":"Error [InteractionNotReplied]: The reply to this interaction has not been sent or deferred.\n    at ChatInputCommandInteraction.followUp (C:\\Users\\picad\\OneDrive\\Belgeler\\GitHub Repos\\ThunarDiscordBot\\node_modules\\discord.js\\src\\structures\\interfaces\\InteractionResponses.js:184:64)\n    at Object.handleSlashCommand (C:\\Users\\picad\\OneDrive\\Belgeler\\GitHub Repos\\ThunarDiscordBot\\src\\handlers\\command.js:142:25)\n    at processTicksAndRejections (node:internal/process/task_queues:96:5)\n    at async module.exports (C:\\Users\\picad\\OneDrive\\Belgeler\\GitHub Repos\\ThunarDiscordBot\\src\\events\\interactions\\interactionCreate.js:41:9)","code":"InteractionNotReplied"},"msg":"Client Error: The reply to this interaction has not been sent or deferred."}
{"level":50,"time":1681042249768,"pid":20412,"hostname":"Hypnotist","err":{"type":"ReferenceError","message":"sub is not defined","stack":"ReferenceError: sub is not defined\n    at Object.interactionRun (C:\\Users\\picad\\OneDrive\\Belgeler\\GitHub Repos\\ThunarDiscordBot\\src\\commands\\admin\\sleep.js:51:9)\n    at Object.handleSlashCommand (C:\\Users\\picad\\OneDrive\\Belgeler\\GitHub Repos\\ThunarDiscordBot\\src\\handlers\\command.js:140:17)\n    at processTicksAndRejections (node:internal/process/task_queues:96:5)\n    at async module.exports (C:\\Users\\picad\\OneDrive\\Belgeler\\GitHub Repos\\ThunarDiscordBot\\src\\events\\interactions\\interactionCreate.js:41:9)"},"msg":"interactionRun: sub is not defined"}
{"level":30,"time":1681042273535,"pid":15760,"hostname":"Hypnotist","msg":"Validating config file and environment variables"}
{"level":30,"time":1681042274060,"pid":15760,"hostname":"Hypnotist","msg":"Loading commands..."}
{"level":20,"time":1681042275035,"pid":15760,"hostname":"Hypnotist","msg":"Skipping slash command avatar. Disabled!"}
{"level":20,"time":1681042275036,"pid":15760,"hostname":"Hypnotist","msg":"Skipping slash command botinvite. Disabled!"}
{"level":20,"time":1681042275038,"pid":15760,"hostname":"Hypnotist","msg":"Skipping slash command botstats. Disabled!"}
{"level":20,"time":1681042275040,"pid":15760,"hostname":"Hypnotist","msg":"Skipping slash command channelinfo. Disabled!"}
{"level":20,"time":1681042275041,"pid":15760,"hostname":"Hypnotist","msg":"Skipping slash command emojiinfo. Disabled!"}
{"level":20,"time":1681042275050,"pid":15760,"hostname":"Hypnotist","msg":"Skipping slash command guildinfo. Disabled!"}
{"level":20,"time":1681042275051,"pid":15760,"hostname":"Hypnotist","msg":"Skipping slash command uptime. Disabled!"}
{"level":20,"time":1681042275052,"pid":15760,"hostname":"Hypnotist","msg":"Skipping slash command userinfo. Disabled!"}
{"level":20,"time":1681042275054,"pid":15760,"hostname":"Hypnotist","msg":"Skipping command bot. Disabled!"}
{"level":20,"time":1681042275055,"pid":15760,"hostname":"Hypnotist","msg":"Skipping command info. Disabled!"}
{"level":20,"time":1681042275071,"pid":15760,"hostname":"Hypnotist","msg":"Skipping slash command deafen. Disabled!"}
{"level":20,"time":1681042275073,"pid":15760,"hostname":"Hypnotist","msg":"Skipping slash command disconnect. Disabled!"}
{"level":20,"time":1681042275074,"pid":15760,"hostname":"Hypnotist","msg":"Skipping slash command move. Disabled!"}
{"level":20,"time":1681042275075,"pid":15760,"hostname":"Hypnotist","msg":"Skipping slash command purge. Disabled!"}
{"level":20,"time":1681042275076,"pid":15760,"hostname":"Hypnotist","msg":"Skipping slash command purgeattach. Disabled!"}
{"level":20,"time":1681042275077,"pid":15760,"hostname":"Hypnotist","msg":"Skipping slash command purgebots. Disabled!"}
{"level":20,"time":1681042275077,"pid":15760,"hostname":"Hypnotist","msg":"Skipping slash command purgelinks. Disabled!"}
{"level":20,"time":1681042275078,"pid":15760,"hostname":"Hypnotist","msg":"Skipping slash command purgetoken. Disabled!"}
{"level":20,"time":1681042275079,"pid":15760,"hostname":"Hypnotist","msg":"Skipping slash command purgeuser. Disabled!"}
{"level":20,"time":1681042275080,"pid":15760,"hostname":"Hypnotist","msg":"Skipping slash command undeafen. Disabled!"}
{"level":20,"time":1681042275082,"pid":15760,"hostname":"Hypnotist","msg":"Skipping slash command vmute. Disabled!"}
{"level":20,"time":1681042275084,"pid":15760,"hostname":"Hypnotist","msg":"Skipping slash command vunmute. Disabled!"}
{"level":20,"time":1681042275091,"pid":15760,"hostname":"Hypnotist","msg":"Skipping command purge. Disabled!"}
{"level":20,"time":1681042275093,"pid":15760,"hostname":"Hypnotist","msg":"Skipping command voice. Disabled!"}
{"level":20,"time":1681042275101,"pid":15760,"hostname":"Hypnotist","msg":"Skipping Command bassboost. Category MUSIC is disabled"}
{"level":20,"time":1681042275104,"pid":15760,"hostname":"Hypnotist","msg":"Skipping Command loop. Category MUSIC is disabled"}
{"level":20,"time":1681042275105,"pid":15760,"hostname":"Hypnotist","msg":"Skipping Command lyric. Category MUSIC is disabled"}
{"level":20,"time":1681042275108,"pid":15760,"hostname":"Hypnotist","msg":"Skipping Command np. Category MUSIC is disabled"}
{"level":20,"time":1681042275109,"pid":15760,"hostname":"Hypnotist","msg":"Skipping Command pause. Category MUSIC is disabled"}
{"level":20,"time":1681042275110,"pid":15760,"hostname":"Hypnotist","msg":"Skipping Command play. Category MUSIC is disabled"}
{"level":20,"time":1681042275111,"pid":15760,"hostname":"Hypnotist","msg":"Skipping Command queue. Category MUSIC is disabled"}
{"level":20,"time":1681042275111,"pid":15760,"hostname":"Hypnotist","msg":"Skipping Command resume. Category MUSIC is disabled"}
{"level":20,"time":1681042275112,"pid":15760,"hostname":"Hypnotist","msg":"Skipping Command search. Category MUSIC is disabled"}
{"level":20,"time":1681042275113,"pid":15760,"hostname":"Hypnotist","msg":"Skipping Command seek. Category MUSIC is disabled"}
{"level":20,"time":1681042275114,"pid":15760,"hostname":"Hypnotist","msg":"Skipping Command shuffle. Category MUSIC is disabled"}
{"level":20,"time":1681042275114,"pid":15760,"hostname":"Hypnotist","msg":"Skipping Command skip. Category MUSIC is disabled"}
{"level":20,"time":1681042275115,"pid":15760,"hostname":"Hypnotist","msg":"Skipping Command stop. Category MUSIC is disabled"}
{"level":20,"time":1681042275115,"pid":15760,"hostname":"Hypnotist","msg":"Skipping Command volume. Category MUSIC is disabled"}
{"level":20,"time":1681042275124,"pid":15760,"hostname":"Hypnotist","msg":"Skipping slash command eval. Disabled!"}
{"level":20,"time":1681042275124,"pid":15760,"hostname":"Hypnotist","msg":"Skipping slash command leaveserver. Disabled!"}
{"level":20,"time":1681042275125,"pid":15760,"hostname":"Hypnotist","msg":"Skipping slash command listservers. Disabled!"}
{"level":30,"time":1681042275159,"pid":15760,"hostname":"Hypnotist","msg":"Loaded 104 commands"}
{"level":30,"time":1681042275159,"pid":15760,"hostname":"Hypnotist","msg":"Loaded 85 slash commands"}
{"level":30,"time":1681042275160,"pid":15760,"hostname":"Hypnotist","msg":"Loading contexts..."}
{"level":30,"time":1681042275161,"pid":15760,"hostname":"Hypnotist","msg":"Loaded 0 USER contexts"}
{"level":30,"time":1681042275162,"pid":15760,"hostname":"Hypnotist","msg":"Loaded 0 MESSAGE contexts"}
{"level":30,"time":1681042275162,"pid":15760,"hostname":"Hypnotist","msg":"Loading events..."}
{"level":30,"time":1681042275212,"pid":15760,"hostname":"Hypnotist","msg":"Loaded 15 events. Success (15) Failed (0)"}
{"level":30,"time":1681042275650,"pid":15760,"hostname":"Hypnotist","msg":"VersionCheck: Your discord bot is up to date"}
{"level":30,"time":1681042275650,"pid":15760,"hostname":"Hypnotist","msg":"Connecting to MongoDb..."}
{"level":30,"time":1681042277290,"pid":15760,"hostname":"Hypnotist","msg":"Mongoose: Database connection established"}
{"level":30,"time":1681042278993,"pid":15760,"hostname":"Hypnotist","msg":"Logged in as Thunar Beta#9964! (988089532970827787)"}
{"level":30,"time":1681042278993,"pid":15760,"hostname":"Hypnotist","msg":"Initializing giveaways manager..."}
{"level":30,"time":1681042279198,"pid":15760,"hostname":"Hypnotist","msg":"Giveaway Manager initialized"}
{"level":30,"time":1681042279561,"pid":15760,"hostname":"Hypnotist","msg":"Successfully registered interactions"}
{"level":50,"time":1681042317871,"pid":15760,"hostname":"Hypnotist","err":{"type":"ReferenceError","message":"choice is not defined","stack":"ReferenceError: choice is not defined\n    at Object.interactionRun (C:\\Users\\picad\\OneDrive\\Belgeler\\GitHub Repos\\ThunarDiscordBot\\src\\commands\\admin\\sleep.js:51:9)\n    at Object.handleSlashCommand (C:\\Users\\picad\\OneDrive\\Belgeler\\GitHub Repos\\ThunarDiscordBot\\src\\handlers\\command.js:140:17)\n    at processTicksAndRejections (node:internal/process/task_queues:96:5)\n    at async module.exports (C:\\Users\\picad\\OneDrive\\Belgeler\\GitHub Repos\\ThunarDiscordBot\\src\\events\\interactions\\interactionCreate.js:41:9)"},"msg":"interactionRun: choice is not defined"}
